2025-04-13 03:09:28,116 - INFO - Starting experiment: RCRG_R2_C11_conc_attention_V1
2025-04-13 03:09:28,116 - INFO - Using optimizer: AdamW, lr: 1e-05, momentum: 0, weight_decay: 1
2025-04-13 03:09:28,116 - INFO - Using device: cuda:0
2025-04-13 03:09:28,117 - INFO - World Size: 2
2025-04-13 03:09:28,122 - INFO - Set random seed: 31
2025-04-13 03:09:28,122 - INFO - Starting training...
2025-04-13 03:09:28,122 - INFO - Training dataset size: 2152
2025-04-13 03:09:28,122 - INFO - Validation dataset size: 1341
2025-04-13 03:09:28,122 - INFO - 
Epoch 1/50
2025-04-13 03:11:50,570 - INFO - Epoch: 0 | Batch: 50/269 | Loss: 0.7690 | Acc: 16.67%
2025-04-13 03:13:16,963 - INFO - Epoch: 0 | Batch: 100/269 | Loss: 0.8069 | Acc: 21.29%
2025-04-13 03:14:45,527 - INFO - Epoch: 0 | Batch: 150/269 | Loss: 0.7059 | Acc: 22.02%
2025-04-13 03:16:09,325 - INFO - Epoch: 0 | Batch: 200/269 | Loss: 0.6469 | Acc: 25.50%
2025-04-13 03:17:35,055 - INFO - Epoch: 0 | Batch: 250/269 | Loss: 0.6809 | Acc: 27.79%
2025-04-13 03:23:05,478 - INFO - Epoch 0 | Train Loss: 0.7492 | Train Accuracy: 27.60%
2025-04-13 03:23:05,478 - INFO - Epoch 0 | Valid Loss: 1.0250 | Valid Accuracy: 66.17% | Valid F1 Score: 0.6397
2025-04-13 03:23:06,416 - INFO - Saved checkpoint at /kaggle/working/Relational-Group-Activity-Recognition/experiments/attention_models/RCRG_R2_C11_conc_attention_V1_2025_04_13_03_09/Best_Model.pkl
2025-04-13 03:23:06,416 - INFO - Current learning rate: 1e-05
2025-04-13 03:23:06,417 - INFO - 
Epoch 2/50
2025-04-13 03:25:30,191 - INFO - Epoch: 1 | Batch: 50/269 | Loss: 0.7236 | Acc: 51.47%
2025-04-13 03:27:02,382 - INFO - Epoch: 1 | Batch: 100/269 | Loss: 0.7378 | Acc: 53.47%
2025-04-13 03:28:30,880 - INFO - Epoch: 1 | Batch: 150/269 | Loss: 0.5572 | Acc: 56.46%
2025-04-13 03:29:59,460 - INFO - Epoch: 1 | Batch: 200/269 | Loss: 0.5797 | Acc: 58.21%
2025-04-13 03:31:26,754 - INFO - Epoch: 1 | Batch: 250/269 | Loss: 0.6020 | Acc: 58.57%
2025-04-13 03:37:04,815 - INFO - Epoch 1 | Train Loss: 0.6264 | Train Accuracy: 58.09%
2025-04-13 03:37:04,816 - INFO - Epoch 1 | Valid Loss: 0.9114 | Valid Accuracy: 76.01% | Valid F1 Score: 0.7572
2025-04-13 03:37:06,312 - INFO - Saved checkpoint at /kaggle/working/Relational-Group-Activity-Recognition/experiments/attention_models/RCRG_R2_C11_conc_attention_V1_2025_04_13_03_09/Best_Model.pkl
2025-04-13 03:37:06,313 - INFO - Current learning rate: 1e-05
2025-04-13 03:37:06,314 - INFO - 
Epoch 3/50
2025-04-13 03:39:25,699 - INFO - Epoch: 2 | Batch: 50/269 | Loss: 0.5705 | Acc: 66.18%
2025-04-13 03:40:53,164 - INFO - Epoch: 2 | Batch: 100/269 | Loss: 0.6285 | Acc: 67.57%
2025-04-13 03:42:21,463 - INFO - Epoch: 2 | Batch: 150/269 | Loss: 0.5843 | Acc: 66.23%
2025-04-13 03:43:45,711 - INFO - Epoch: 2 | Batch: 200/269 | Loss: 0.5451 | Acc: 67.29%
2025-04-13 03:45:11,767 - INFO - Epoch: 2 | Batch: 250/269 | Loss: 0.4886 | Acc: 67.13%
2025-04-13 03:50:44,694 - INFO - Epoch 2 | Train Loss: 0.5716 | Train Accuracy: 67.29%
2025-04-13 03:50:44,697 - INFO - Epoch 2 | Valid Loss: 0.8577 | Valid Accuracy: 82.34% | Valid F1 Score: 0.8189
2025-04-13 03:50:46,155 - INFO - Saved checkpoint at /kaggle/working/Relational-Group-Activity-Recognition/experiments/attention_models/RCRG_R2_C11_conc_attention_V1_2025_04_13_03_09/Best_Model.pkl
2025-04-13 03:50:46,156 - INFO - Current learning rate: 1e-05
2025-04-13 03:50:46,157 - INFO - 
Epoch 4/50
2025-04-13 03:53:01,942 - INFO - Epoch: 3 | Batch: 50/269 | Loss: 0.4852 | Acc: 75.49%
2025-04-13 03:54:30,811 - INFO - Epoch: 3 | Batch: 100/269 | Loss: 0.5658 | Acc: 73.02%
2025-04-13 03:55:59,596 - INFO - Epoch: 3 | Batch: 150/269 | Loss: 0.6063 | Acc: 72.35%
2025-04-13 03:57:24,775 - INFO - Epoch: 3 | Batch: 200/269 | Loss: 0.5572 | Acc: 72.39%
2025-04-13 03:58:53,842 - INFO - Epoch: 3 | Batch: 250/269 | Loss: 0.5223 | Acc: 73.01%
2025-04-13 04:04:26,594 - INFO - Epoch 3 | Train Loss: 0.5420 | Train Accuracy: 73.65%
2025-04-13 04:04:26,594 - INFO - Epoch 3 | Valid Loss: 0.8306 | Valid Accuracy: 84.28% | Valid F1 Score: 0.8439
2025-04-13 04:04:28,241 - INFO - Saved checkpoint at /kaggle/working/Relational-Group-Activity-Recognition/experiments/attention_models/RCRG_R2_C11_conc_attention_V1_2025_04_13_03_09/Best_Model.pkl
2025-04-13 04:04:28,242 - INFO - Current learning rate: 1e-05
2025-04-13 04:04:28,243 - INFO - 
Epoch 5/50
2025-04-13 04:06:47,064 - INFO - Epoch: 4 | Batch: 50/269 | Loss: 0.5429 | Acc: 84.31%
2025-04-13 04:08:14,119 - INFO - Epoch: 4 | Batch: 100/269 | Loss: 0.6034 | Acc: 80.45%
2025-04-13 04:09:38,647 - INFO - Epoch: 4 | Batch: 150/269 | Loss: 0.4750 | Acc: 79.80%
2025-04-13 04:11:07,445 - INFO - Epoch: 4 | Batch: 200/269 | Loss: 0.5110 | Acc: 80.72%
2025-04-13 04:12:34,187 - INFO - Epoch: 4 | Batch: 250/269 | Loss: 0.5140 | Acc: 80.88%
2025-04-13 04:18:09,456 - INFO - Epoch 4 | Train Loss: 0.5236 | Train Accuracy: 80.02%
2025-04-13 04:18:09,457 - INFO - Epoch 4 | Valid Loss: 0.8101 | Valid Accuracy: 85.32% | Valid F1 Score: 0.8498
2025-04-13 04:18:10,933 - INFO - Saved checkpoint at /kaggle/working/Relational-Group-Activity-Recognition/experiments/attention_models/RCRG_R2_C11_conc_attention_V1_2025_04_13_03_09/Best_Model.pkl
2025-04-13 04:18:10,934 - INFO - Current learning rate: 1e-05
2025-04-13 04:18:10,934 - INFO - 
Epoch 6/50
2025-04-13 04:20:28,025 - INFO - Epoch: 5 | Batch: 50/269 | Loss: 0.5910 | Acc: 79.90%
2025-04-13 04:21:58,768 - INFO - Epoch: 5 | Batch: 100/269 | Loss: 0.5221 | Acc: 80.45%
2025-04-13 04:23:22,873 - INFO - Epoch: 5 | Batch: 150/269 | Loss: 0.4675 | Acc: 80.30%
2025-04-13 04:24:48,452 - INFO - Epoch: 5 | Batch: 200/269 | Loss: 0.4532 | Acc: 80.35%
2025-04-13 04:26:16,735 - INFO - Epoch: 5 | Batch: 250/269 | Loss: 0.5631 | Acc: 81.18%
2025-04-13 04:31:48,182 - INFO - Epoch 5 | Train Loss: 0.5123 | Train Accuracy: 81.32%
2025-04-13 04:31:48,183 - INFO - Epoch 5 | Valid Loss: 0.8023 | Valid Accuracy: 86.89% | Valid F1 Score: 0.8669
2025-04-13 04:31:49,680 - INFO - Saved checkpoint at /kaggle/working/Relational-Group-Activity-Recognition/experiments/attention_models/RCRG_R2_C11_conc_attention_V1_2025_04_13_03_09/Best_Model.pkl
2025-04-13 04:31:49,681 - INFO - Current learning rate: 1e-05
2025-04-13 04:31:49,682 - INFO - 
Epoch 7/50
2025-04-13 04:34:09,361 - INFO - Epoch: 6 | Batch: 50/269 | Loss: 0.4851 | Acc: 85.29%
2025-04-13 04:35:35,832 - INFO - Epoch: 6 | Batch: 100/269 | Loss: 0.4751 | Acc: 84.41%
2025-04-13 04:37:03,064 - INFO - Epoch: 6 | Batch: 150/269 | Loss: 0.5891 | Acc: 83.61%
2025-04-13 04:38:29,509 - INFO - Epoch: 6 | Batch: 200/269 | Loss: 0.5261 | Acc: 84.95%
2025-04-13 04:39:55,722 - INFO - Epoch: 6 | Batch: 250/269 | Loss: 0.5241 | Acc: 84.96%
2025-04-13 04:45:27,281 - INFO - Epoch 6 | Train Loss: 0.5026 | Train Accuracy: 84.43%
2025-04-13 04:45:27,282 - INFO - Epoch 6 | Valid Loss: 0.7989 | Valid Accuracy: 87.33% | Valid F1 Score: 0.8655
2025-04-13 04:45:28,706 - INFO - Saved checkpoint at /kaggle/working/Relational-Group-Activity-Recognition/experiments/attention_models/RCRG_R2_C11_conc_attention_V1_2025_04_13_03_09/Best_Model.pkl
2025-04-13 04:45:28,707 - INFO - Current learning rate: 1e-05
2025-04-13 04:45:28,708 - INFO - 
Epoch 8/50
2025-04-13 04:47:45,794 - INFO - Epoch: 7 | Batch: 50/269 | Loss: 0.4751 | Acc: 83.82%
2025-04-13 04:49:14,163 - INFO - Epoch: 7 | Batch: 100/269 | Loss: 0.4659 | Acc: 87.13%
2025-04-13 04:50:40,934 - INFO - Epoch: 7 | Batch: 150/269 | Loss: 0.4870 | Acc: 87.25%
2025-04-13 04:52:09,631 - INFO - Epoch: 7 | Batch: 200/269 | Loss: 0.4421 | Acc: 88.06%
2025-04-13 04:53:34,755 - INFO - Epoch: 7 | Batch: 250/269 | Loss: 0.4433 | Acc: 88.05%
2025-04-13 04:59:05,048 - INFO - Epoch 7 | Train Loss: 0.4932 | Train Accuracy: 86.76%
2025-04-13 04:59:05,052 - INFO - Epoch 7 | Valid Loss: 0.7905 | Valid Accuracy: 87.78% | Valid F1 Score: 0.8698
2025-04-13 04:59:07,061 - INFO - Saved checkpoint at /kaggle/working/Relational-Group-Activity-Recognition/experiments/attention_models/RCRG_R2_C11_conc_attention_V1_2025_04_13_03_09/Best_Model.pkl
2025-04-13 04:59:07,062 - INFO - Current learning rate: 1e-05
2025-04-13 04:59:07,063 - INFO - 
Epoch 9/50
2025-04-13 05:01:27,141 - INFO - Epoch: 8 | Batch: 50/269 | Loss: 0.4564 | Acc: 88.73%
2025-04-13 05:02:54,352 - INFO - Epoch: 8 | Batch: 100/269 | Loss: 0.5012 | Acc: 86.88%
2025-04-13 05:04:21,546 - INFO - Epoch: 8 | Batch: 150/269 | Loss: 0.4385 | Acc: 88.08%
2025-04-13 05:05:47,479 - INFO - Epoch: 8 | Batch: 200/269 | Loss: 0.4755 | Acc: 88.31%
2025-04-13 05:07:15,474 - INFO - Epoch: 8 | Batch: 250/269 | Loss: 0.5796 | Acc: 87.95%
2025-04-13 05:12:45,073 - INFO - Epoch 8 | Train Loss: 0.4905 | Train Accuracy: 87.64%
2025-04-13 05:12:45,073 - INFO - Epoch 8 | Valid Loss: 0.7877 | Valid Accuracy: 87.78% | Valid F1 Score: 0.8711
2025-04-13 05:12:45,073 - INFO - Current learning rate: 1e-05
2025-04-13 05:12:45,074 - INFO - 
Epoch 10/50
2025-04-13 05:15:02,989 - INFO - Epoch: 9 | Batch: 50/269 | Loss: 0.4604 | Acc: 91.67%
2025-04-13 05:16:31,538 - INFO - Epoch: 9 | Batch: 100/269 | Loss: 0.5080 | Acc: 90.84%
2025-04-13 05:17:58,685 - INFO - Epoch: 9 | Batch: 150/269 | Loss: 0.5124 | Acc: 90.07%
2025-04-13 05:19:25,431 - INFO - Epoch: 9 | Batch: 200/269 | Loss: 0.4762 | Acc: 90.55%
2025-04-13 05:20:49,833 - INFO - Epoch: 9 | Batch: 250/269 | Loss: 0.5320 | Acc: 90.64%
2025-04-13 05:26:19,568 - INFO - Epoch 9 | Train Loss: 0.4823 | Train Accuracy: 91.26%
2025-04-13 05:26:19,568 - INFO - Epoch 9 | Valid Loss: 0.7908 | Valid Accuracy: 87.56% | Valid F1 Score: 0.8745
2025-04-13 05:26:19,569 - INFO - Current learning rate: 1e-05
2025-04-13 05:26:19,569 - INFO - 
Epoch 11/50
2025-04-13 05:28:37,825 - INFO - Epoch: 10 | Batch: 50/269 | Loss: 0.5002 | Acc: 88.73%
2025-04-13 05:30:06,223 - INFO - Epoch: 10 | Batch: 100/269 | Loss: 0.5187 | Acc: 90.59%
2025-04-13 05:31:28,249 - INFO - Epoch: 10 | Batch: 150/269 | Loss: 0.4593 | Acc: 91.23%
2025-04-13 05:32:51,330 - INFO - Epoch: 10 | Batch: 200/269 | Loss: 0.5691 | Acc: 90.05%
2025-04-13 05:34:17,311 - INFO - Epoch: 10 | Batch: 250/269 | Loss: 0.4509 | Acc: 90.54%
2025-04-13 05:39:43,847 - INFO - Epoch 10 | Train Loss: 0.4815 | Train Accuracy: 91.12%
2025-04-13 05:39:43,847 - INFO - Epoch 10 | Valid Loss: 0.7881 | Valid Accuracy: 88.60% | Valid F1 Score: 0.8834
2025-04-13 05:39:45,810 - INFO - Saved checkpoint at /kaggle/working/Relational-Group-Activity-Recognition/experiments/attention_models/RCRG_R2_C11_conc_attention_V1_2025_04_13_03_09/Best_Model.pkl
2025-04-13 05:39:45,811 - INFO - Current learning rate: 1e-05
2025-04-13 05:39:45,812 - INFO - 
Epoch 12/50
2025-04-13 05:42:02,644 - INFO - Epoch: 11 | Batch: 50/269 | Loss: 0.4712 | Acc: 89.71%
2025-04-13 05:43:29,885 - INFO - Epoch: 11 | Batch: 100/269 | Loss: 0.4553 | Acc: 92.08%
2025-04-13 05:44:55,062 - INFO - Epoch: 11 | Batch: 150/269 | Loss: 0.4464 | Acc: 92.05%
2025-04-13 05:46:23,538 - INFO - Epoch: 11 | Batch: 200/269 | Loss: 0.4361 | Acc: 92.16%
2025-04-13 05:47:49,042 - INFO - Epoch: 11 | Batch: 250/269 | Loss: 0.4282 | Acc: 91.73%
2025-04-13 05:53:17,965 - INFO - Epoch 11 | Train Loss: 0.4778 | Train Accuracy: 92.10%
2025-04-13 05:53:17,967 - INFO - Epoch 11 | Valid Loss: 0.7827 | Valid Accuracy: 87.93% | Valid F1 Score: 0.8696
2025-04-13 05:53:17,967 - INFO - Current learning rate: 1e-05
2025-04-13 05:53:17,968 - INFO - 
Epoch 13/50
2025-04-13 05:55:35,885 - INFO - Epoch: 12 | Batch: 50/269 | Loss: 0.4828 | Acc: 93.14%
2025-04-13 05:57:04,117 - INFO - Epoch: 12 | Batch: 100/269 | Loss: 0.4805 | Acc: 90.59%
2025-04-13 05:58:28,461 - INFO - Epoch: 12 | Batch: 150/269 | Loss: 0.5166 | Acc: 90.89%
2025-04-13 05:59:52,954 - INFO - Epoch: 12 | Batch: 200/269 | Loss: 0.4651 | Acc: 90.92%
2025-04-13 06:01:19,130 - INFO - Epoch: 12 | Batch: 250/269 | Loss: 0.4609 | Acc: 91.43%
2025-04-13 06:06:44,434 - INFO - Epoch 12 | Train Loss: 0.4760 | Train Accuracy: 91.64%
2025-04-13 06:06:44,435 - INFO - Epoch 12 | Valid Loss: 0.7832 | Valid Accuracy: 88.90% | Valid F1 Score: 0.8772
2025-04-13 06:06:45,907 - INFO - Saved checkpoint at /kaggle/working/Relational-Group-Activity-Recognition/experiments/attention_models/RCRG_R2_C11_conc_attention_V1_2025_04_13_03_09/Best_Model.pkl
2025-04-13 06:06:45,908 - INFO - Current learning rate: 1e-05
2025-04-13 06:06:45,910 - INFO - 
Epoch 14/50
2025-04-13 06:09:00,816 - INFO - Epoch: 13 | Batch: 50/269 | Loss: 0.5564 | Acc: 93.63%
2025-04-13 06:10:27,401 - INFO - Epoch: 13 | Batch: 100/269 | Loss: 0.5471 | Acc: 93.32%
2025-04-13 06:11:52,253 - INFO - Epoch: 13 | Batch: 150/269 | Loss: 0.4346 | Acc: 94.70%
2025-04-13 06:13:16,215 - INFO - Epoch: 13 | Batch: 200/269 | Loss: 0.4729 | Acc: 94.28%
2025-04-13 06:14:45,241 - INFO - Epoch: 13 | Batch: 250/269 | Loss: 0.4429 | Acc: 94.72%
2025-04-13 06:20:11,854 - INFO - Epoch 13 | Train Loss: 0.4702 | Train Accuracy: 94.33%
2025-04-13 06:20:11,868 - INFO - Epoch 13 | Valid Loss: 0.7810 | Valid Accuracy: 88.52% | Valid F1 Score: 0.8760
2025-04-13 06:20:11,874 - INFO - Current learning rate: 1e-05
2025-04-13 06:20:11,879 - INFO - 
Epoch 15/50
2025-04-13 06:22:26,430 - INFO - Epoch: 14 | Batch: 50/269 | Loss: 0.4750 | Acc: 93.14%
2025-04-13 06:23:53,691 - INFO - Epoch: 14 | Batch: 100/269 | Loss: 0.5039 | Acc: 94.31%
2025-04-13 06:25:20,098 - INFO - Epoch: 14 | Batch: 150/269 | Loss: 0.4426 | Acc: 93.38%
2025-04-13 06:26:49,846 - INFO - Epoch: 14 | Batch: 200/269 | Loss: 0.4547 | Acc: 94.28%
2025-04-13 06:28:16,052 - INFO - Epoch: 14 | Batch: 250/269 | Loss: 0.4542 | Acc: 93.92%
2025-04-13 06:33:45,490 - INFO - Epoch 14 | Train Loss: 0.4678 | Train Accuracy: 93.68%
2025-04-13 06:33:45,493 - INFO - Epoch 14 | Valid Loss: 0.7825 | Valid Accuracy: 88.90% | Valid F1 Score: 0.8837
2025-04-13 06:33:45,493 - INFO - Current learning rate: 1e-05
2025-04-13 06:33:45,494 - INFO - 
Epoch 16/50
2025-04-13 06:36:05,973 - INFO - Epoch: 15 | Batch: 50/269 | Loss: 0.4521 | Acc: 94.61%
2025-04-13 06:37:28,836 - INFO - Epoch: 15 | Batch: 100/269 | Loss: 0.4634 | Acc: 93.32%
2025-04-13 06:38:55,704 - INFO - Epoch: 15 | Batch: 150/269 | Loss: 0.4234 | Acc: 93.38%
2025-04-13 06:40:20,125 - INFO - Epoch: 15 | Batch: 200/269 | Loss: 0.4777 | Acc: 94.28%
2025-04-13 06:41:48,486 - INFO - Epoch: 15 | Batch: 250/269 | Loss: 0.5110 | Acc: 93.92%
2025-04-13 06:47:18,243 - INFO - Epoch 15 | Train Loss: 0.4696 | Train Accuracy: 93.73%
2025-04-13 06:47:18,244 - INFO - Epoch 15 | Valid Loss: 0.7766 | Valid Accuracy: 90.16% | Valid F1 Score: 0.8955
2025-04-13 06:47:19,575 - INFO - Saved checkpoint at /kaggle/working/Relational-Group-Activity-Recognition/experiments/attention_models/RCRG_R2_C11_conc_attention_V1_2025_04_13_03_09/Best_Model.pkl
2025-04-13 06:47:19,576 - INFO - Current learning rate: 1e-05
2025-04-13 06:47:19,577 - INFO - 
Epoch 17/50
2025-04-13 06:49:39,320 - INFO - Epoch: 16 | Batch: 50/269 | Loss: 0.4557 | Acc: 98.53%
2025-04-13 06:51:05,164 - INFO - Epoch: 16 | Batch: 100/269 | Loss: 0.4675 | Acc: 96.53%
2025-04-13 06:52:31,821 - INFO - Epoch: 16 | Batch: 150/269 | Loss: 0.4371 | Acc: 94.70%
2025-04-13 06:54:01,040 - INFO - Epoch: 16 | Batch: 200/269 | Loss: 0.4419 | Acc: 94.28%
2025-04-13 06:55:31,491 - INFO - Epoch: 16 | Batch: 250/269 | Loss: 0.4461 | Acc: 94.02%
2025-04-13 07:01:01,535 - INFO - Epoch 16 | Train Loss: 0.4663 | Train Accuracy: 94.24%
2025-04-13 07:01:01,543 - INFO - Epoch 16 | Valid Loss: 0.7779 | Valid Accuracy: 90.39% | Valid F1 Score: 0.9000
2025-04-13 07:01:03,184 - INFO - Saved checkpoint at /kaggle/working/Relational-Group-Activity-Recognition/experiments/attention_models/RCRG_R2_C11_conc_attention_V1_2025_04_13_03_09/Best_Model.pkl
2025-04-13 07:01:03,185 - INFO - Current learning rate: 1e-05
2025-04-13 07:01:03,186 - INFO - 
Epoch 18/50
2025-04-13 07:03:24,347 - INFO - Epoch: 17 | Batch: 50/269 | Loss: 0.4487 | Acc: 95.59%
2025-04-13 07:04:54,472 - INFO - Epoch: 17 | Batch: 100/269 | Loss: 0.5138 | Acc: 93.56%
2025-04-13 07:06:20,492 - INFO - Epoch: 17 | Batch: 150/269 | Loss: 0.4442 | Acc: 92.88%
2025-04-13 07:07:47,779 - INFO - Epoch: 17 | Batch: 200/269 | Loss: 0.4501 | Acc: 93.91%
2025-04-13 07:09:12,188 - INFO - Epoch: 17 | Batch: 250/269 | Loss: 0.4670 | Acc: 94.02%
2025-04-13 07:14:41,794 - INFO - Epoch 17 | Train Loss: 0.4661 | Train Accuracy: 94.28%
2025-04-13 07:14:41,794 - INFO - Epoch 17 | Valid Loss: 0.7761 | Valid Accuracy: 89.79% | Valid F1 Score: 0.8926
2025-04-13 07:14:41,794 - INFO - Current learning rate: 1e-05
2025-04-13 07:14:41,795 - INFO - 
Epoch 19/50
2025-04-13 07:16:58,848 - INFO - Epoch: 18 | Batch: 50/269 | Loss: 0.4624 | Acc: 90.69%
2025-04-13 07:18:26,045 - INFO - Epoch: 18 | Batch: 100/269 | Loss: 0.4249 | Acc: 93.81%
2025-04-13 07:19:51,645 - INFO - Epoch: 18 | Batch: 150/269 | Loss: 0.4267 | Acc: 94.70%
2025-04-13 07:21:18,909 - INFO - Epoch: 18 | Batch: 200/269 | Loss: 0.4438 | Acc: 94.53%
2025-04-13 07:22:43,403 - INFO - Epoch: 18 | Batch: 250/269 | Loss: 0.4246 | Acc: 94.22%
2025-04-13 07:28:10,910 - INFO - Epoch 18 | Train Loss: 0.4646 | Train Accuracy: 94.66%
2025-04-13 07:28:10,919 - INFO - Epoch 18 | Valid Loss: 0.7810 | Valid Accuracy: 90.39% | Valid F1 Score: 0.8958
2025-04-13 07:28:10,919 - INFO - Current learning rate: 1e-05
2025-04-13 07:28:10,920 - INFO - 
Epoch 20/50
2025-04-13 07:30:26,854 - INFO - Epoch: 19 | Batch: 50/269 | Loss: 0.4490 | Acc: 96.08%
2025-04-13 07:31:53,298 - INFO - Epoch: 19 | Batch: 100/269 | Loss: 0.4796 | Acc: 95.05%
2025-04-13 07:33:25,430 - INFO - Epoch: 19 | Batch: 150/269 | Loss: 0.4334 | Acc: 95.03%
2025-04-13 07:34:49,142 - INFO - Epoch: 19 | Batch: 200/269 | Loss: 0.4352 | Acc: 95.02%
2025-04-13 07:36:18,416 - INFO - Epoch: 19 | Batch: 250/269 | Loss: 0.5808 | Acc: 95.62%
2025-04-13 07:41:48,833 - INFO - Epoch 19 | Train Loss: 0.4610 | Train Accuracy: 95.68%
2025-04-13 07:41:48,834 - INFO - Epoch 19 | Valid Loss: 0.7799 | Valid Accuracy: 90.24% | Valid F1 Score: 0.8944
2025-04-13 07:41:48,834 - INFO - Current learning rate: 1e-05
2025-04-13 07:41:48,835 - INFO - 
Epoch 21/50
2025-04-13 07:44:06,328 - INFO - Epoch: 20 | Batch: 50/269 | Loss: 0.4231 | Acc: 93.63%
2025-04-13 07:45:35,721 - INFO - Epoch: 20 | Batch: 100/269 | Loss: 0.4484 | Acc: 95.30%
2025-04-13 07:47:02,029 - INFO - Epoch: 20 | Batch: 150/269 | Loss: 0.4606 | Acc: 95.53%
2025-04-13 07:48:24,239 - INFO - Epoch: 20 | Batch: 200/269 | Loss: 0.4828 | Acc: 95.52%
2025-04-13 07:49:51,438 - INFO - Epoch: 20 | Batch: 250/269 | Loss: 0.4270 | Acc: 95.82%
2025-04-13 07:55:17,949 - INFO - Epoch 20 | Train Loss: 0.4587 | Train Accuracy: 95.68%
2025-04-13 07:55:17,950 - INFO - Epoch 20 | Valid Loss: 0.7839 | Valid Accuracy: 90.01% | Valid F1 Score: 0.9047
2025-04-13 07:55:17,950 - INFO - Current learning rate: 1e-05
2025-04-13 07:55:17,951 - INFO - 
Epoch 22/50
2025-04-13 07:57:36,569 - INFO - Epoch: 21 | Batch: 50/269 | Loss: 0.4262 | Acc: 95.59%
2025-04-13 07:59:02,413 - INFO - Epoch: 21 | Batch: 100/269 | Loss: 0.7497 | Acc: 95.30%
2025-04-13 08:00:29,560 - INFO - Epoch: 21 | Batch: 150/269 | Loss: 0.4322 | Acc: 95.86%
2025-04-13 08:01:56,966 - INFO - Epoch: 21 | Batch: 200/269 | Loss: 0.4298 | Acc: 96.02%
2025-04-13 08:03:18,885 - INFO - Epoch: 21 | Batch: 250/269 | Loss: 0.4379 | Acc: 95.82%
2025-04-13 08:08:47,831 - INFO - Epoch 21 | Train Loss: 0.4585 | Train Accuracy: 96.10%
2025-04-13 08:08:47,832 - INFO - Epoch 21 | Valid Loss: 0.7812 | Valid Accuracy: 89.79% | Valid F1 Score: 0.8912
2025-04-13 08:08:47,832 - INFO - Current learning rate: 1.0000000000000002e-06
2025-04-13 08:08:47,833 - INFO - 
Epoch 23/50
2025-04-13 08:11:04,271 - INFO - Epoch: 22 | Batch: 50/269 | Loss: 0.4362 | Acc: 97.06%
2025-04-13 08:12:30,183 - INFO - Epoch: 22 | Batch: 100/269 | Loss: 0.4637 | Acc: 94.55%
2025-04-13 08:13:57,861 - INFO - Epoch: 22 | Batch: 150/269 | Loss: 0.5595 | Acc: 95.53%
2025-04-13 08:15:22,543 - INFO - Epoch: 22 | Batch: 200/269 | Loss: 0.4377 | Acc: 95.90%
2025-04-13 08:16:49,340 - INFO - Epoch: 22 | Batch: 250/269 | Loss: 0.4308 | Acc: 96.22%
2025-04-13 08:22:19,606 - INFO - Epoch 22 | Train Loss: 0.4552 | Train Accuracy: 96.93%
2025-04-13 08:22:19,606 - INFO - Epoch 22 | Valid Loss: 0.7792 | Valid Accuracy: 89.94% | Valid F1 Score: 0.8911
2025-04-13 08:22:19,607 - INFO - Current learning rate: 1.0000000000000002e-06
2025-04-13 08:22:19,607 - INFO - 
Epoch 24/50
2025-04-13 08:24:36,419 - INFO - Epoch: 23 | Batch: 50/269 | Loss: 0.4351 | Acc: 94.12%
2025-04-13 08:26:05,224 - INFO - Epoch: 23 | Batch: 100/269 | Loss: 0.4387 | Acc: 94.80%
2025-04-13 08:27:29,589 - INFO - Epoch: 23 | Batch: 150/269 | Loss: 0.4320 | Acc: 95.70%
2025-04-13 08:28:56,898 - INFO - Epoch: 23 | Batch: 200/269 | Loss: 0.4465 | Acc: 96.02%
2025-04-13 08:30:20,458 - INFO - Epoch: 23 | Batch: 250/269 | Loss: 0.4245 | Acc: 95.62%
2025-04-13 08:35:47,175 - INFO - Epoch 23 | Train Loss: 0.4590 | Train Accuracy: 96.38%
2025-04-13 08:35:47,175 - INFO - Epoch 23 | Valid Loss: 0.7775 | Valid Accuracy: 90.01% | Valid F1 Score: 0.8996
2025-04-13 08:35:47,176 - INFO - Current learning rate: 1.0000000000000002e-06
2025-04-13 08:35:47,176 - INFO - 
Epoch 25/50
2025-04-13 08:38:04,103 - INFO - Epoch: 24 | Batch: 50/269 | Loss: 0.4454 | Acc: 95.59%
2025-04-13 08:39:30,139 - INFO - Epoch: 24 | Batch: 100/269 | Loss: 0.4451 | Acc: 95.79%
2025-04-13 08:40:57,163 - INFO - Epoch: 24 | Batch: 150/269 | Loss: 0.4508 | Acc: 96.52%
2025-04-13 08:42:24,706 - INFO - Epoch: 24 | Batch: 200/269 | Loss: 0.5457 | Acc: 96.39%
2025-04-13 08:43:54,090 - INFO - Epoch: 24 | Batch: 250/269 | Loss: 0.4513 | Acc: 96.61%
2025-04-13 08:49:25,986 - INFO - Epoch 24 | Train Loss: 0.4566 | Train Accuracy: 97.03%
2025-04-13 08:49:25,987 - INFO - Epoch 24 | Valid Loss: 0.7800 | Valid Accuracy: 88.67% | Valid F1 Score: 0.8871
2025-04-13 08:49:25,987 - INFO - Current learning rate: 1.0000000000000002e-06
2025-04-13 08:49:25,988 - INFO - 
Epoch 26/50
2025-04-13 08:51:46,393 - INFO - Epoch: 25 | Batch: 50/269 | Loss: 0.4462 | Acc: 99.02%
2025-04-13 08:53:16,839 - INFO - Epoch: 25 | Batch: 100/269 | Loss: 0.4784 | Acc: 97.52%
2025-04-13 08:54:43,984 - INFO - Epoch: 25 | Batch: 150/269 | Loss: 0.4360 | Acc: 96.85%
2025-04-13 08:56:12,265 - INFO - Epoch: 25 | Batch: 200/269 | Loss: 0.4537 | Acc: 97.51%
2025-04-13 08:57:37,376 - INFO - Epoch: 25 | Batch: 250/269 | Loss: 0.4860 | Acc: 97.41%
2025-04-13 09:03:06,159 - INFO - Epoch 25 | Train Loss: 0.4568 | Train Accuracy: 96.19%
2025-04-13 09:03:06,162 - INFO - Epoch 25 | Valid Loss: 0.7811 | Valid Accuracy: 89.87% | Valid F1 Score: 0.8928
2025-04-13 09:03:06,163 - INFO - Current learning rate: 7e-07
2025-04-13 09:03:06,163 - INFO - 
Epoch 27/50
2025-04-13 09:05:24,941 - INFO - Epoch: 26 | Batch: 50/269 | Loss: 0.4393 | Acc: 98.04%
2025-04-13 09:06:53,029 - INFO - Epoch: 26 | Batch: 100/269 | Loss: 0.4465 | Acc: 97.28%
2025-04-13 09:08:19,291 - INFO - Epoch: 26 | Batch: 150/269 | Loss: 0.4873 | Acc: 96.36%
2025-04-13 09:09:44,234 - INFO - Epoch: 26 | Batch: 200/269 | Loss: 0.5107 | Acc: 96.77%
2025-04-13 09:11:13,134 - INFO - Epoch: 26 | Batch: 250/269 | Loss: 0.4609 | Acc: 96.91%
2025-04-13 09:16:39,930 - INFO - Epoch 26 | Train Loss: 0.4565 | Train Accuracy: 96.84%
2025-04-13 09:16:39,930 - INFO - Epoch 26 | Valid Loss: 0.7758 | Valid Accuracy: 90.24% | Valid F1 Score: 0.8984
2025-04-13 09:16:39,931 - INFO - Current learning rate: 7e-07
2025-04-13 09:16:39,931 - INFO - 
Epoch 28/50
2025-04-13 09:18:56,885 - INFO - Epoch: 27 | Batch: 50/269 | Loss: 0.4406 | Acc: 98.04%
2025-04-13 09:20:24,195 - INFO - Epoch: 27 | Batch: 100/269 | Loss: 0.4321 | Acc: 97.77%
2025-04-13 09:21:47,114 - INFO - Epoch: 27 | Batch: 150/269 | Loss: 0.4446 | Acc: 97.85%
2025-04-13 09:23:12,302 - INFO - Epoch: 27 | Batch: 200/269 | Loss: 0.4577 | Acc: 97.26%
2025-04-13 09:24:40,040 - INFO - Epoch: 27 | Batch: 250/269 | Loss: 0.4374 | Acc: 96.91%
2025-04-13 09:30:05,244 - INFO - Epoch 27 | Train Loss: 0.4577 | Train Accuracy: 96.93%
2025-04-13 09:30:05,245 - INFO - Epoch 27 | Valid Loss: 0.7739 | Valid Accuracy: 90.46% | Valid F1 Score: 0.9046
2025-04-13 09:30:06,943 - INFO - Saved checkpoint at /kaggle/working/Relational-Group-Activity-Recognition/experiments/attention_models/RCRG_R2_C11_conc_attention_V1_2025_04_13_03_09/Best_Model.pkl
2025-04-13 09:30:06,944 - INFO - Current learning rate: 7e-07
2025-04-13 09:30:06,945 - INFO - 
Epoch 29/50
2025-04-13 09:32:24,197 - INFO - Epoch: 28 | Batch: 50/269 | Loss: 0.4587 | Acc: 97.06%
2025-04-13 09:33:53,869 - INFO - Epoch: 28 | Batch: 100/269 | Loss: 0.5830 | Acc: 97.28%
2025-04-13 09:35:19,418 - INFO - Epoch: 28 | Batch: 150/269 | Loss: 0.4387 | Acc: 96.69%
2025-04-13 09:36:49,775 - INFO - Epoch: 28 | Batch: 200/269 | Loss: 0.4378 | Acc: 96.39%
2025-04-13 09:38:15,723 - INFO - Epoch: 28 | Batch: 250/269 | Loss: 0.4222 | Acc: 96.71%
2025-04-13 09:43:40,589 - INFO - Epoch 28 | Train Loss: 0.4552 | Train Accuracy: 96.38%
2025-04-13 09:43:40,589 - INFO - Epoch 28 | Valid Loss: 0.7785 | Valid Accuracy: 90.16% | Valid F1 Score: 0.8925
2025-04-13 09:43:40,590 - INFO - Current learning rate: 7e-07
2025-04-13 09:43:40,590 - INFO - 
Epoch 30/50
2025-04-13 09:45:58,096 - INFO - Epoch: 29 | Batch: 50/269 | Loss: 0.4893 | Acc: 97.06%
2025-04-13 09:47:28,013 - INFO - Epoch: 29 | Batch: 100/269 | Loss: 0.4973 | Acc: 97.03%
2025-04-13 09:48:53,178 - INFO - Epoch: 29 | Batch: 150/269 | Loss: 0.4784 | Acc: 96.85%
2025-04-13 09:50:22,134 - INFO - Epoch: 29 | Batch: 200/269 | Loss: 0.4556 | Acc: 97.51%
2025-04-13 09:51:46,231 - INFO - Epoch: 29 | Batch: 250/269 | Loss: 0.4321 | Acc: 97.51%
2025-04-13 09:57:12,798 - INFO - Epoch 29 | Train Loss: 0.4554 | Train Accuracy: 97.12%
2025-04-13 09:57:12,798 - INFO - Epoch 29 | Valid Loss: 0.7762 | Valid Accuracy: 90.01% | Valid F1 Score: 0.8983
2025-04-13 09:57:12,799 - INFO - Current learning rate: 7e-07
2025-04-13 09:57:12,799 - INFO - 
Epoch 31/50
2025-04-13 09:59:31,903 - INFO - Epoch: 30 | Batch: 50/269 | Loss: 0.4238 | Acc: 92.16%
2025-04-13 10:01:01,856 - INFO - Epoch: 30 | Batch: 100/269 | Loss: 0.4503 | Acc: 95.30%
2025-04-13 10:02:25,878 - INFO - Epoch: 30 | Batch: 150/269 | Loss: 0.5224 | Acc: 96.03%
2025-04-13 10:03:55,390 - INFO - Epoch: 30 | Batch: 200/269 | Loss: 0.4276 | Acc: 95.90%
2025-04-13 10:05:19,920 - INFO - Epoch: 30 | Batch: 250/269 | Loss: 0.4377 | Acc: 95.92%
2025-04-13 10:10:50,636 - INFO - Epoch 30 | Train Loss: 0.4554 | Train Accuracy: 97.03%
2025-04-13 10:10:50,636 - INFO - Epoch 30 | Valid Loss: 0.7752 | Valid Accuracy: 90.54% | Valid F1 Score: 0.9017
2025-04-13 10:10:52,118 - INFO - Saved checkpoint at /kaggle/working/Relational-Group-Activity-Recognition/experiments/attention_models/RCRG_R2_C11_conc_attention_V1_2025_04_13_03_09/Best_Model.pkl
2025-04-13 10:10:52,119 - INFO - Current learning rate: 7e-07
2025-04-13 10:10:52,120 - INFO - 
Epoch 32/50
2025-04-13 10:13:12,302 - INFO - Epoch: 31 | Batch: 50/269 | Loss: 0.4445 | Acc: 96.08%
2025-04-13 10:14:39,973 - INFO - Epoch: 31 | Batch: 100/269 | Loss: 0.4411 | Acc: 97.28%
2025-04-13 10:16:07,381 - INFO - Epoch: 31 | Batch: 150/269 | Loss: 0.4571 | Acc: 96.36%
2025-04-13 10:17:32,933 - INFO - Epoch: 31 | Batch: 200/269 | Loss: 0.4344 | Acc: 96.02%
2025-04-13 10:18:59,476 - INFO - Epoch: 31 | Batch: 250/269 | Loss: 0.4782 | Acc: 95.62%
2025-04-13 10:24:29,416 - INFO - Epoch 31 | Train Loss: 0.4579 | Train Accuracy: 96.19%
2025-04-13 10:24:29,417 - INFO - Epoch 31 | Valid Loss: 0.7775 | Valid Accuracy: 89.27% | Valid F1 Score: 0.8950
2025-04-13 10:24:29,417 - INFO - Current learning rate: 7e-07
2025-04-13 10:24:29,418 - INFO - 
Epoch 33/50
2025-04-13 10:26:46,294 - INFO - Epoch: 32 | Batch: 50/269 | Loss: 0.4309 | Acc: 98.53%
2025-04-13 10:28:12,710 - INFO - Epoch: 32 | Batch: 100/269 | Loss: 0.4383 | Acc: 98.27%
2025-04-13 10:29:37,315 - INFO - Epoch: 32 | Batch: 150/269 | Loss: 0.4279 | Acc: 98.01%
2025-04-13 10:31:02,226 - INFO - Epoch: 32 | Batch: 200/269 | Loss: 0.4501 | Acc: 97.76%
2025-04-13 10:32:26,630 - INFO - Epoch: 32 | Batch: 250/269 | Loss: 0.4260 | Acc: 98.21%
2025-04-13 10:37:56,944 - INFO - Epoch 32 | Train Loss: 0.4544 | Train Accuracy: 97.58%
2025-04-13 10:37:56,944 - INFO - Epoch 32 | Valid Loss: 0.7774 | Valid Accuracy: 90.16% | Valid F1 Score: 0.8958
2025-04-13 10:37:56,944 - INFO - Current learning rate: 7e-07
2025-04-13 10:37:56,945 - INFO - 
Epoch 34/50
2025-04-13 10:40:13,751 - INFO - Epoch: 33 | Batch: 50/269 | Loss: 0.4846 | Acc: 96.57%
2025-04-13 10:41:40,378 - INFO - Epoch: 33 | Batch: 100/269 | Loss: 0.4282 | Acc: 95.54%
2025-04-13 10:43:07,061 - INFO - Epoch: 33 | Batch: 150/269 | Loss: 0.4261 | Acc: 95.53%
2025-04-13 10:44:33,375 - INFO - Epoch: 33 | Batch: 200/269 | Loss: 0.4797 | Acc: 96.14%
2025-04-13 10:45:56,632 - INFO - Epoch: 33 | Batch: 250/269 | Loss: 0.4966 | Acc: 96.51%
2025-04-13 10:51:20,724 - INFO - Epoch 33 | Train Loss: 0.4556 | Train Accuracy: 96.65%
2025-04-13 10:51:20,724 - INFO - Epoch 33 | Valid Loss: 0.7855 | Valid Accuracy: 91.06% | Valid F1 Score: 0.9032
2025-04-13 10:51:22,143 - INFO - Saved checkpoint at /kaggle/working/Relational-Group-Activity-Recognition/experiments/attention_models/RCRG_R2_C11_conc_attention_V1_2025_04_13_03_09/Best_Model.pkl
2025-04-13 10:51:22,144 - INFO - Current learning rate: 7e-07
2025-04-13 10:51:22,145 - INFO - 
Epoch 35/50
2025-04-13 10:53:39,121 - INFO - Epoch: 34 | Batch: 50/269 | Loss: 0.4288 | Acc: 93.63%
2025-04-13 10:55:12,123 - INFO - Epoch: 34 | Batch: 100/269 | Loss: 0.4297 | Acc: 93.81%
2025-04-13 10:56:37,973 - INFO - Epoch: 34 | Batch: 150/269 | Loss: 0.4396 | Acc: 94.54%
2025-04-13 10:58:06,161 - INFO - Epoch: 34 | Batch: 200/269 | Loss: 0.4527 | Acc: 95.27%
2025-04-13 10:59:29,017 - INFO - Epoch: 34 | Batch: 250/269 | Loss: 0.5235 | Acc: 94.92%
2025-04-13 11:04:58,404 - INFO - Epoch 34 | Train Loss: 0.4590 | Train Accuracy: 95.77%
2025-04-13 11:04:58,404 - INFO - Epoch 34 | Valid Loss: 0.7827 | Valid Accuracy: 90.09% | Valid F1 Score: 0.9049
2025-04-13 11:04:58,404 - INFO - Current learning rate: 7e-07
2025-04-13 11:04:58,405 - INFO - 
Epoch 36/50
2025-04-13 11:07:20,815 - INFO - Epoch: 35 | Batch: 50/269 | Loss: 0.4472 | Acc: 96.08%
2025-04-13 11:08:45,930 - INFO - Epoch: 35 | Batch: 100/269 | Loss: 0.4367 | Acc: 95.79%
2025-04-13 11:10:14,593 - INFO - Epoch: 35 | Batch: 150/269 | Loss: 0.4775 | Acc: 96.03%
2025-04-13 11:11:39,577 - INFO - Epoch: 35 | Batch: 200/269 | Loss: 0.4752 | Acc: 96.52%
2025-04-13 11:13:05,178 - INFO - Epoch: 35 | Batch: 250/269 | Loss: 0.4495 | Acc: 95.92%
2025-04-13 11:18:36,112 - INFO - Epoch 35 | Train Loss: 0.4566 | Train Accuracy: 96.42%
2025-04-13 11:18:36,113 - INFO - Epoch 35 | Valid Loss: 0.7769 | Valid Accuracy: 90.09% | Valid F1 Score: 0.9042
2025-04-13 11:18:36,113 - INFO - Current learning rate: 7e-07
2025-04-13 11:18:36,114 - INFO - 
Epoch 37/50
2025-04-13 11:20:52,121 - INFO - Epoch: 36 | Batch: 50/269 | Loss: 0.4385 | Acc: 95.10%
2025-04-13 11:22:20,934 - INFO - Epoch: 36 | Batch: 100/269 | Loss: 0.5456 | Acc: 96.29%
2025-04-13 11:23:48,245 - INFO - Epoch: 36 | Batch: 150/269 | Loss: 0.4435 | Acc: 96.69%
2025-04-13 11:25:13,814 - INFO - Epoch: 36 | Batch: 200/269 | Loss: 0.4684 | Acc: 97.14%
2025-04-13 11:26:37,331 - INFO - Epoch: 36 | Batch: 250/269 | Loss: 0.4281 | Acc: 97.51%
2025-04-13 11:32:04,262 - INFO - Epoch 36 | Train Loss: 0.4535 | Train Accuracy: 98.05%
2025-04-13 11:32:04,271 - INFO - Epoch 36 | Valid Loss: 0.7744 | Valid Accuracy: 90.46% | Valid F1 Score: 0.9045
2025-04-13 11:32:04,287 - INFO - Current learning rate: 7e-07
2025-04-13 11:32:04,298 - INFO - 
Epoch 38/50
2025-04-13 11:34:22,689 - INFO - Epoch: 37 | Batch: 50/269 | Loss: 0.4456 | Acc: 97.55%
2025-04-13 11:35:49,035 - INFO - Epoch: 37 | Batch: 100/269 | Loss: 0.4963 | Acc: 97.28%
2025-04-13 11:37:13,569 - INFO - Epoch: 37 | Batch: 150/269 | Loss: 0.4447 | Acc: 96.36%
2025-04-13 11:38:42,201 - INFO - Epoch: 37 | Batch: 200/269 | Loss: 0.4720 | Acc: 96.27%
2025-04-13 11:40:06,730 - INFO - Epoch: 37 | Batch: 250/269 | Loss: 0.4462 | Acc: 96.61%
2025-04-13 11:45:37,911 - INFO - Epoch 37 | Train Loss: 0.4557 | Train Accuracy: 96.75%
2025-04-13 11:45:37,911 - INFO - Epoch 37 | Valid Loss: 0.7799 | Valid Accuracy: 89.79% | Valid F1 Score: 0.8926
2025-04-13 11:45:37,912 - INFO - Current learning rate: 7e-07
2025-04-13 11:45:37,912 - INFO - 
Epoch 39/50
2025-04-13 11:47:56,631 - INFO - Epoch: 38 | Batch: 50/269 | Loss: 0.4367 | Acc: 97.55%
2025-04-13 11:49:20,614 - INFO - Epoch: 38 | Batch: 100/269 | Loss: 0.4325 | Acc: 97.52%
2025-04-13 11:50:51,744 - INFO - Epoch: 38 | Batch: 150/269 | Loss: 0.4339 | Acc: 97.02%
2025-04-13 11:52:16,096 - INFO - Epoch: 38 | Batch: 200/269 | Loss: 0.4231 | Acc: 95.02%
2025-04-13 11:53:45,239 - INFO - Epoch: 38 | Batch: 250/269 | Loss: 0.4598 | Acc: 95.62%
2025-04-13 11:59:15,815 - INFO - Epoch 38 | Train Loss: 0.4569 | Train Accuracy: 96.10%
2025-04-13 11:59:15,815 - INFO - Epoch 38 | Valid Loss: 0.7779 | Valid Accuracy: 90.69% | Valid F1 Score: 0.9047
2025-04-13 11:59:15,815 - INFO - Current learning rate: 7e-07
2025-04-13 11:59:15,816 - INFO - 
Epoch 40/50
2025-04-13 12:01:37,168 - INFO - Epoch: 39 | Batch: 50/269 | Loss: 0.4839 | Acc: 97.55%
2025-04-13 12:03:03,242 - INFO - Epoch: 39 | Batch: 100/269 | Loss: 0.4593 | Acc: 96.53%
2025-04-13 12:04:33,035 - INFO - Epoch: 39 | Batch: 150/269 | Loss: 0.4241 | Acc: 95.86%
2025-04-13 12:05:57,967 - INFO - Epoch: 39 | Batch: 200/269 | Loss: 0.4314 | Acc: 96.39%
2025-04-13 12:07:26,424 - INFO - Epoch: 39 | Batch: 250/269 | Loss: 0.4742 | Acc: 96.61%
2025-04-13 12:12:57,537 - INFO - Epoch 39 | Train Loss: 0.4568 | Train Accuracy: 96.61%
2025-04-13 12:12:57,540 - INFO - Epoch 39 | Valid Loss: 0.7766 | Valid Accuracy: 90.16% | Valid F1 Score: 0.8997
2025-04-13 12:12:57,540 - INFO - Current learning rate: 7e-07
2025-04-13 12:12:57,541 - INFO - 
Epoch 41/50
2025-04-13 12:15:13,232 - INFO - Epoch: 40 | Batch: 50/269 | Loss: 0.4625 | Acc: 97.55%
2025-04-13 12:16:40,309 - INFO - Epoch: 40 | Batch: 100/269 | Loss: 0.4568 | Acc: 97.52%
2025-04-13 12:18:07,396 - INFO - Epoch: 40 | Batch: 150/269 | Loss: 0.4867 | Acc: 96.69%
2025-04-13 12:19:35,503 - INFO - Epoch: 40 | Batch: 200/269 | Loss: 0.4370 | Acc: 96.52%
2025-04-13 12:21:03,422 - INFO - Epoch: 40 | Batch: 250/269 | Loss: 0.4621 | Acc: 96.51%
2025-04-13 12:26:29,283 - INFO - Epoch 40 | Train Loss: 0.4550 | Train Accuracy: 97.07%
2025-04-13 12:26:29,284 - INFO - Epoch 40 | Valid Loss: 0.7783 | Valid Accuracy: 90.39% | Valid F1 Score: 0.9059
2025-04-13 12:26:29,284 - INFO - Current learning rate: 7e-07
2025-04-13 12:26:29,285 - INFO - 
Epoch 42/50
2025-04-13 12:28:50,701 - INFO - Epoch: 41 | Batch: 50/269 | Loss: 0.4304 | Acc: 98.53%
2025-04-13 12:30:18,995 - INFO - Epoch: 41 | Batch: 100/269 | Loss: 0.4609 | Acc: 98.02%
2025-04-13 12:31:43,934 - INFO - Epoch: 41 | Batch: 150/269 | Loss: 0.4294 | Acc: 98.34%
2025-04-13 12:33:13,790 - INFO - Epoch: 41 | Batch: 200/269 | Loss: 0.4263 | Acc: 98.26%
2025-04-13 12:34:38,300 - INFO - Epoch: 41 | Batch: 250/269 | Loss: 0.4420 | Acc: 97.91%
2025-04-13 12:40:09,611 - INFO - Epoch 41 | Train Loss: 0.4519 | Train Accuracy: 98.05%
2025-04-13 12:40:09,612 - INFO - Epoch 41 | Valid Loss: 0.7779 | Valid Accuracy: 90.76% | Valid F1 Score: 0.9061
2025-04-13 12:40:09,612 - INFO - Current learning rate: 7e-07
2025-04-13 12:40:09,613 - INFO - 
Epoch 43/50
2025-04-13 12:42:28,960 - INFO - Epoch: 42 | Batch: 50/269 | Loss: 0.4546 | Acc: 97.55%
2025-04-13 12:43:55,076 - INFO - Epoch: 42 | Batch: 100/269 | Loss: 0.4784 | Acc: 98.27%
2025-04-13 12:45:21,906 - INFO - Epoch: 42 | Batch: 150/269 | Loss: 0.4246 | Acc: 97.19%
2025-04-13 12:46:45,712 - INFO - Epoch: 42 | Batch: 200/269 | Loss: 0.4498 | Acc: 97.14%
2025-04-13 12:48:11,779 - INFO - Epoch: 42 | Batch: 250/269 | Loss: 0.4983 | Acc: 97.31%
2025-04-13 12:53:41,187 - INFO - Epoch 42 | Train Loss: 0.4552 | Train Accuracy: 96.93%
2025-04-13 12:53:41,187 - INFO - Epoch 42 | Valid Loss: 0.7721 | Valid Accuracy: 91.13% | Valid F1 Score: 0.9062
2025-04-13 12:53:42,506 - INFO - Saved checkpoint at /kaggle/working/Relational-Group-Activity-Recognition/experiments/attention_models/RCRG_R2_C11_conc_attention_V1_2025_04_13_03_09/Best_Model.pkl
2025-04-13 12:53:42,507 - INFO - Current learning rate: 7e-07
2025-04-13 12:53:42,508 - INFO - 
Epoch 44/50
2025-04-13 12:56:01,377 - INFO - Epoch: 43 | Batch: 50/269 | Loss: 0.4335 | Acc: 93.63%
2025-04-13 12:57:27,465 - INFO - Epoch: 43 | Batch: 100/269 | Loss: 0.4274 | Acc: 95.30%
2025-04-13 12:58:53,736 - INFO - Epoch: 43 | Batch: 150/269 | Loss: 0.4378 | Acc: 95.53%
2025-04-13 13:00:19,411 - INFO - Epoch: 43 | Batch: 200/269 | Loss: 0.4111 | Acc: 95.77%
2025-04-13 13:01:48,824 - INFO - Epoch: 43 | Batch: 250/269 | Loss: 0.5105 | Acc: 95.82%
2025-04-13 13:07:14,585 - INFO - Epoch 43 | Train Loss: 0.4539 | Train Accuracy: 96.89%
2025-04-13 13:07:14,585 - INFO - Epoch 43 | Valid Loss: 0.7763 | Valid Accuracy: 91.06% | Valid F1 Score: 0.9060
2025-04-13 13:07:14,585 - INFO - Current learning rate: 7e-07
2025-04-13 13:07:14,586 - INFO - 
Epoch 45/50
2025-04-13 13:09:33,151 - INFO - Epoch: 44 | Batch: 50/269 | Loss: 0.4684 | Acc: 98.04%
2025-04-13 13:11:03,241 - INFO - Epoch: 44 | Batch: 100/269 | Loss: 0.4207 | Acc: 97.52%
2025-04-13 13:12:28,824 - INFO - Epoch: 44 | Batch: 150/269 | Loss: 0.4445 | Acc: 96.69%
2025-04-13 13:13:57,368 - INFO - Epoch: 44 | Batch: 200/269 | Loss: 0.4539 | Acc: 96.89%
2025-04-13 13:15:20,180 - INFO - Epoch: 44 | Batch: 250/269 | Loss: 0.4648 | Acc: 97.01%
2025-04-13 13:20:51,900 - INFO - Epoch 44 | Train Loss: 0.4532 | Train Accuracy: 97.40%
2025-04-13 13:20:51,904 - INFO - Epoch 44 | Valid Loss: 0.7784 | Valid Accuracy: 90.61% | Valid F1 Score: 0.8958
2025-04-13 13:20:51,905 - INFO - Current learning rate: 7e-07
2025-04-13 13:20:51,905 - INFO - 
Epoch 46/50
2025-04-13 13:23:08,168 - INFO - Epoch: 45 | Batch: 50/269 | Loss: 0.4618 | Acc: 96.57%
2025-04-13 13:24:35,074 - INFO - Epoch: 45 | Batch: 100/269 | Loss: 0.4496 | Acc: 97.52%
2025-04-13 13:26:02,985 - INFO - Epoch: 45 | Batch: 150/269 | Loss: 0.4536 | Acc: 97.68%
2025-04-13 13:27:32,412 - INFO - Epoch: 45 | Batch: 200/269 | Loss: 0.4487 | Acc: 98.13%
2025-04-13 13:28:57,613 - INFO - Epoch: 45 | Batch: 250/269 | Loss: 0.4690 | Acc: 98.11%
2025-04-13 13:34:26,682 - INFO - Epoch 45 | Train Loss: 0.4540 | Train Accuracy: 97.63%
2025-04-13 13:34:26,683 - INFO - Epoch 45 | Valid Loss: 0.7766 | Valid Accuracy: 89.79% | Valid F1 Score: 0.8996
2025-04-13 13:34:26,683 - INFO - Current learning rate: 7e-07
2025-04-13 13:34:26,684 - INFO - 
Epoch 47/50
2025-04-13 13:36:45,713 - INFO - Epoch: 46 | Batch: 50/269 | Loss: 0.4240 | Acc: 98.53%
2025-04-13 13:38:14,449 - INFO - Epoch: 46 | Batch: 100/269 | Loss: 0.4741 | Acc: 97.77%
2025-04-13 13:39:40,406 - INFO - Epoch: 46 | Batch: 150/269 | Loss: 0.4338 | Acc: 98.01%
2025-04-13 13:41:07,404 - INFO - Epoch: 46 | Batch: 200/269 | Loss: 0.4881 | Acc: 98.01%
2025-04-13 13:42:34,310 - INFO - Epoch: 46 | Batch: 250/269 | Loss: 0.4701 | Acc: 98.11%
2025-04-13 13:48:01,243 - INFO - Epoch 46 | Train Loss: 0.4546 | Train Accuracy: 97.40%
2025-04-13 13:48:01,243 - INFO - Epoch 46 | Valid Loss: 0.7780 | Valid Accuracy: 90.31% | Valid F1 Score: 0.8929
2025-04-13 13:48:01,243 - INFO - Current learning rate: 7e-07
2025-04-13 13:48:01,244 - INFO - 
Epoch 48/50
2025-04-13 13:50:20,629 - INFO - Epoch: 47 | Batch: 50/269 | Loss: 0.4347 | Acc: 96.57%
2025-04-13 13:51:49,017 - INFO - Epoch: 47 | Batch: 100/269 | Loss: 0.4369 | Acc: 96.53%
2025-04-13 13:53:14,069 - INFO - Epoch: 47 | Batch: 150/269 | Loss: 0.4542 | Acc: 96.19%
2025-04-13 13:54:42,212 - INFO - Epoch: 47 | Batch: 200/269 | Loss: 0.4226 | Acc: 96.14%
2025-04-13 13:56:05,507 - INFO - Epoch: 47 | Batch: 250/269 | Loss: 0.4729 | Acc: 96.31%
2025-04-13 14:01:36,819 - INFO - Epoch 47 | Train Loss: 0.4550 | Train Accuracy: 96.00%
2025-04-13 14:01:36,819 - INFO - Epoch 47 | Valid Loss: 0.7765 | Valid Accuracy: 90.76% | Valid F1 Score: 0.9047
2025-04-13 14:01:36,819 - INFO - Current learning rate: 7e-07
2025-04-13 14:01:36,821 - INFO - 
Epoch 49/50
2025-04-13 14:03:56,955 - INFO - Epoch: 48 | Batch: 50/269 | Loss: 0.4496 | Acc: 98.04%
2025-04-13 14:05:26,419 - INFO - Epoch: 48 | Batch: 100/269 | Loss: 0.5894 | Acc: 95.79%
2025-04-13 14:06:52,126 - INFO - Epoch: 48 | Batch: 150/269 | Loss: 0.4362 | Acc: 96.52%
2025-04-13 14:08:22,224 - INFO - Epoch: 48 | Batch: 200/269 | Loss: 0.4472 | Acc: 96.77%
2025-04-13 14:09:48,142 - INFO - Epoch: 48 | Batch: 250/269 | Loss: 0.4497 | Acc: 96.51%
2025-04-13 14:15:17,284 - INFO - Epoch 48 | Train Loss: 0.4528 | Train Accuracy: 97.03%
2025-04-13 14:15:17,285 - INFO - Epoch 48 | Valid Loss: 0.7768 | Valid Accuracy: 90.83% | Valid F1 Score: 0.9076
2025-04-13 14:15:17,285 - INFO - Current learning rate: 7e-07
2025-04-13 14:15:17,286 - INFO - 
Epoch 50/50
2025-04-13 14:17:36,258 - INFO - Epoch: 49 | Batch: 50/269 | Loss: 0.4340 | Acc: 95.10%
2025-04-13 14:19:06,620 - INFO - Epoch: 49 | Batch: 100/269 | Loss: 0.4348 | Acc: 96.04%
2025-04-13 14:20:32,607 - INFO - Epoch: 49 | Batch: 150/269 | Loss: 0.4345 | Acc: 96.36%
2025-04-13 14:21:59,994 - INFO - Epoch: 49 | Batch: 200/269 | Loss: 0.4391 | Acc: 96.14%
2025-04-13 14:23:27,891 - INFO - Epoch: 49 | Batch: 250/269 | Loss: 0.4616 | Acc: 96.51%
2025-04-13 14:28:58,871 - INFO - Epoch 49 | Train Loss: 0.4535 | Train Accuracy: 96.51%
2025-04-13 14:28:58,871 - INFO - Epoch 49 | Valid Loss: 0.7778 | Valid Accuracy: 89.94% | Valid F1 Score: 0.8998
2025-04-13 14:28:58,871 - INFO - Current learning rate: 7e-07
2025-04-13 14:28:58,872 - INFO - Training completed. Best validation accuracy: 91.13%
